#
# There is insufficient memory for the Java Runtime Environment to continue.
# Native memory allocation (mmap) failed to map 532676608 bytes for G1 virtual space
# Possible reasons:
#   The system is out of physical RAM or swap space
#   The process is running with CompressedOops enabled, and the Java Heap may be blocking the growth of the native heap
# Possible solutions:
#   Reduce memory load on the system
#   Increase physical memory or swap space
#   Check if swap backing store is full
#   Decrease Java heap size (-Xmx/-Xms)
#   Decrease number of Java threads
#   Decrease Java thread stack sizes (-Xss)
#   Set larger code cache with -XX:ReservedCodeCacheSize=
#   JVM is running with Zero Based Compressed Oops mode in which the Java heap is
#     placed in the first 32GB address space. The Java Heap base address is the
#     maximum limit for the native heap growth. Please use -XX:HeapBaseMinAddress
#     to set the Java Heap base and to place the Java Heap above 32GB virtual address.
# This output file may be truncated or incomplete.
#
#  Out of Memory Error (os_windows.cpp:3528), pid=3632, tid=11244
#
# JRE version:  (20.0+36) (build )
# Java VM: Java HotSpot(TM) 64-Bit Server VM (20+36-2344, mixed mode, sharing, tiered, compressed oops, compressed class ptrs, g1 gc, windows-amd64)
# No core dump will be written. Minidumps are not enabled by default on client versions of Windows
#

---------------  S U M M A R Y ------------

Command Line: -Dfile.encoding=UTF-8 --module-path=C:\Users\Alumno\Documents\JavaClases\Programacion-Basica-Java\OperadoresDeComparacion\build\classes operadoresdecomparacion.OperadoresDeComparacion

Host: 12th Gen Intel(R) Core(TM) i7-12700, 20 cores, 31G,  Windows 10 , 64 bit Build 19041 (10.0.19041.1889)
Time: Thu Apr 25 10:58:29 2024 Hora est. Pacífico, Sudamérica elapsed time: 0.022315 seconds (0d 0h 0m 0s)

---------------  T H R E A D  ---------------

Current thread (0x000001b3b271dff0):  JavaThread "Unknown thread" [_thread_in_vm, id=11244, stack(0x00000061bf600000,0x00000061bf700000)]

Stack: [0x00000061bf600000,0x00000061bf700000]
Native frames: (J=compiled Java code, j=interpreted, Vv=VM code, C=native code)
V  [jvm.dll+0x6bb95a]
V  [jvm.dll+0x8483aa]
V  [jvm.dll+0x849fa5]
V  [jvm.dll+0x84a6a3]
V  [jvm.dll+0x280b0f]
V  [jvm.dll+0x6b86e9]
V  [jvm.dll+0x6ad2da]
V  [jvm.dll+0x35adf5]
V  [jvm.dll+0x363016]
V  [jvm.dll+0x3b3b3e]
V  [jvm.dll+0x3b3dc5]
V  [jvm.dll+0x32b50a]
V  [jvm.dll+0x32c32b]
V  [jvm.dll+0x81106f]
V  [jvm.dll+0x3c0d91]
V  [jvm.dll+0x7fcd93]
V  [jvm.dll+0x44c76f]
V  [jvm.dll+0x44e0e1]
C  [jli.dll+0x5287]
C  [ucrtbase.dll+0x21bb2]
C  [KERNEL32.DLL+0x17034]
C  [ntdll.dll+0x52651]


---------------  P R O C E S S  ---------------

Threads class SMR info:
_java_thread_list=0x00007ffe05e3a098, length=0, elements={
}

Java Threads: ( => current thread )

Other Threads:
  0x000001b3bc25ad30 WorkerThread "GC Thread#0" [stack: 0x00000061bf700000,0x00000061bf800000] [id=5656]
  0x000001b3bc26bb20 ConcurrentGCThread "G1 Main Marker" [stack: 0x00000061bf800000,0x00000061bf900000] [id=3584]
  0x000001b3bc26cfd0 WorkerThread "G1 Conc#0" [stack: 0x00000061bf900000,0x00000061bfa00000] [id=17256]

[error occurred during error reporting (printing all threads), id 0xc0000005, EXCEPTION_ACCESS_VIOLATION (0xc0000005) at pc=0x00007ffe0561eb47]
VM state: not at safepoint (not fully initialized)

VM Mutex/Monitor currently owned by a thread:  ([mutex/lock_event])
[0x000001b3b271a5c0] Heap_lock - owner thread: 0x000001b3b271dff0

Heap address: 0x0000000604c00000, size: 8116 MB, Compressed Oops mode: Zero based, Oop shift amount: 3

CDS archive(s) mapped at: [0x0000000000000000-0x0000000000000000-0x0000000000000000), size 0, SharedBaseAddress: 0x0000000800000000, ArchiveRelocationMode: 0.
Narrow klass base: 0x0000000000000000, Narrow klass shift: 0, Narrow klass range: 0x0

GC Precious Log:
 CardTable entry size: 512
 Card Set container configuration: InlinePtr #cards 4 size 8 Array Of Cards #cards 32 size 80 Howl #buckets 8 coarsen threshold 7372 Howl Bitmap #cards 1024 size 144 coarsen threshold 921 Card regions per heap region 1 cards per card region 8192

Heap:
 garbage-first heap   total 0K, used 0K [0x0000000604c00000, 0x0000000800000000)
  region size 4096K, 0 young (0K), 0 survivors (0K)

[error occurred during error reporting (printing heap information), id 0xc0000005, EXCEPTION_ACCESS_VIOLATION (0xc0000005) at pc=0x00007ffe059f3c59]
GC Heap History (0 events):
No events

Dll operation events (1 events):
Event: 0.016 Loaded shared library C:\Program Files\Java\jdk-20\bin\java.dll

Deoptimization events (0 events):
No events

Classes loaded (0 events):
No events

Classes unloaded (0 events):
No events

Classes redefined (0 events):
No events

Internal exceptions (0 events):
No events

VM Operations (0 events):
No events

Events (0 events):
No events


Dynamic libraries:
0x00007ff6240f0000 - 0x00007ff624100000 	C:\Program Files\Java\jdk-20\bin\java.exe
0x00007ffe97d50000 - 0x00007ffe97f48000 	C:\Windows\SYSTEM32\ntdll.dll
0x00007ffe97bf0000 - 0x00007ffe97cad000 	C:\Windows\System32\KERNEL32.DLL
0x00007ffe95660000 - 0x00007ffe9592e000 	C:\Windows\System32\KERNELBASE.dll
0x00007ffe959b0000 - 0x00007ffe95ab0000 	C:\Windows\System32\ucrtbase.dll
0x00007ffe8ed00000 - 0x00007ffe8ed1b000 	C:\Program Files\Java\jdk-20\bin\VCRUNTIME140.dll
0x00007ffe84290000 - 0x00007ffe842a9000 	C:\Program Files\Java\jdk-20\bin\jli.dll
0x00007ffe96bc0000 - 0x00007ffe96c6e000 	C:\Windows\System32\ADVAPI32.dll
0x00007ffe963b0000 - 0x00007ffe9644e000 	C:\Windows\System32\msvcrt.dll
0x00007ffe977e0000 - 0x00007ffe9787c000 	C:\Windows\System32\sechost.dll
0x00007ffe96c70000 - 0x00007ffe96d95000 	C:\Windows\System32\RPCRT4.dll
0x00007ffe95fc0000 - 0x00007ffe96160000 	C:\Windows\System32\USER32.dll
0x00007ffe662e0000 - 0x00007ffe6657a000 	C:\Windows\WinSxS\amd64_microsoft.windows.common-controls_6595b64144ccf1df_6.0.19041.1110_none_60b5254171f9507e\COMCTL32.dll
0x00007ffe95980000 - 0x00007ffe959a2000 	C:\Windows\System32\win32u.dll
0x00007ffe96980000 - 0x00007ffe969aa000 	C:\Windows\System32\GDI32.dll
0x00007ffe95ab0000 - 0x00007ffe95bbb000 	C:\Windows\System32\gdi32full.dll
0x00007ffe95520000 - 0x00007ffe955bd000 	C:\Windows\System32\msvcp_win.dll
0x00007ffe94890000 - 0x00007ffe9489a000 	C:\Windows\SYSTEM32\VERSION.dll
0x00007ffe96a40000 - 0x00007ffe96a70000 	C:\Windows\System32\IMM32.DLL
0x00007ffe95070000 - 0x00007ffe950e2000 	C:\Windows\system32\guard64.dll
0x00007ffe94e50000 - 0x00007ffe9503c000 	C:\Windows\SYSTEM32\urlmon.dll
0x00007ffe94e10000 - 0x00007ffe94e38000 	C:\Windows\SYSTEM32\srvcli.dll
0x00007ffe94b50000 - 0x00007ffe94e01000 	C:\Windows\SYSTEM32\iertutil.dll
0x00007ffe94e40000 - 0x00007ffe94e4c000 	C:\Windows\SYSTEM32\netutils.dll
0x00007ffe97880000 - 0x00007ffe97bd4000 	C:\Windows\System32\combase.dll
0x00007ffe968d0000 - 0x00007ffe9697d000 	C:\Windows\System32\shcore.dll
0x00007ffe976b0000 - 0x00007ffe977da000 	C:\Windows\System32\ole32.dll
0x00007ffe95160000 - 0x00007ffe9516b000 	C:\Windows\system32\fltlib.dll
0x00007ffe96f60000 - 0x00007ffe976a4000 	C:\Windows\System32\shell32.dll
0x00007ffe951d0000 - 0x00007ffe95274000 	C:\Windows\SYSTEM32\edrpm64.dll
0x00007ffe95040000 - 0x00007ffe95067000 	C:\Windows\SYSTEM32\winmm.dll
0x00007ffe95330000 - 0x00007ffe95362000 	C:\Windows\SYSTEM32\sspicli.dll
0x00007ffe90910000 - 0x00007ffe9091c000 	C:\Program Files\Java\jdk-20\bin\vcruntime140_1.dll
0x00007ffe82080000 - 0x00007ffe8210e000 	C:\Program Files\Java\jdk-20\bin\msvcp140.dll
0x00007ffe052e0000 - 0x00007ffe05f77000 	C:\Program Files\Java\jdk-20\bin\server\jvm.dll
0x00007ffe66dc0000 - 0x00007ffe66dc9000 	C:\Windows\SYSTEM32\WSOCK32.dll
0x00007ffe96b50000 - 0x00007ffe96bbb000 	C:\Windows\System32\WS2_32.dll
0x00007ffe93af0000 - 0x00007ffe93b02000 	C:\Windows\SYSTEM32\kernel.appcore.dll
0x00007ffe90790000 - 0x00007ffe9079a000 	C:\Program Files\Java\jdk-20\bin\jimage.dll
0x00007ffe92be0000 - 0x00007ffe92dc4000 	C:\Windows\SYSTEM32\DBGHELP.DLL
0x00007ffe7e610000 - 0x00007ffe7e63c000 	C:\Windows\SYSTEM32\dbgcore.DLL
0x00007ffe95bc0000 - 0x00007ffe95c42000 	C:\Windows\System32\bcryptPrimitives.dll
0x00007ffe832a0000 - 0x00007ffe832c6000 	C:\Program Files\Java\jdk-20\bin\java.dll

dbghelp: loaded successfully - version: 4.0.5 - missing functions: none
symbol engine: initialized successfully - sym options: 0x614 - pdb path: .;C:\Program Files\Java\jdk-20\bin;C:\Windows\SYSTEM32;C:\Windows\WinSxS\amd64_microsoft.windows.common-controls_6595b64144ccf1df_6.0.19041.1110_none_60b5254171f9507e;C:\Program Files\Java\jdk-20\bin\server

VM Arguments:
jvm_args: -Dfile.encoding=UTF-8 --module-path=C:\Users\Alumno\Documents\JavaClases\Programacion-Basica-Java\OperadoresDeComparacion\build\classes 
java_command: operadoresdecomparacion.OperadoresDeComparacion
java_class_path (initial): C:\Users\Alumno\Documents\JavaClases\Programacion-Basica-Java\OperadoresDeComparacion\build\classes
Launcher Type: SUN_STANDARD

[Global flags]
     intx CICompilerCount                          = 12                                        {product} {ergonomic}
     uint ConcGCThreads                            = 4                                         {product} {ergonomic}
     uint G1ConcRefinementThreads                  = 15                                        {product} {ergonomic}
   size_t G1HeapRegionSize                         = 4194304                                   {product} {ergonomic}
    uintx GCDrainStackTargetSize                   = 64                                        {product} {ergonomic}
   size_t InitialHeapSize                          = 532676608                                 {product} {ergonomic}
   size_t MarkStackSize                            = 4194304                                   {product} {ergonomic}
   size_t MaxHeapSize                              = 8510242816                                {product} {ergonomic}
   size_t MinHeapDeltaBytes                        = 4194304                                   {product} {ergonomic}
   size_t MinHeapSize                              = 8388608                                   {product} {ergonomic}
    uintx NonNMethodCodeHeapSize                   = 7602480                                {pd product} {ergonomic}
    uintx NonProfiledCodeHeapSize                  = 122027880                              {pd product} {ergonomic}
    uintx ProfiledCodeHeapSize                     = 122027880                              {pd product} {ergonomic}
    uintx ReservedCodeCacheSize                    = 251658240                              {pd product} {ergonomic}
     bool SegmentedCodeCache                       = true                                      {product} {ergonomic}
   size_t SoftMaxHeapSize                          = 8510242816                             {manageable} {ergonomic}
     bool UseCompressedClassPointers               = true                           {product lp64_product} {ergonomic}
     bool UseCompressedOops                        = true                           {product lp64_product} {ergonomic}
     bool UseG1GC                                  = true                                      {product} {ergonomic}
     bool UseLargePagesIndividualAllocation        = false                                  {pd product} {ergonomic}

Logging:
Log output configuration:
 #0: stdout all=warning uptime,level,tags foldmultilines=false
 #1: stderr all=off uptime,level,tags foldmultilines=false

Environment Variables:
PATH=C:\app\Soporte\product\21c\dbhomeXE\bin;C:\Program Files\Microsoft\jdk-11.0.16.101-hotspot\bin;C:\Program Files\Common Files\Oracle\Java\javapath;C:\Windows\system32;C:\Windows;C:\Windows\System32\Wbem;C:\Windows\System32\WindowsPowerShell\v1.0\;C:\Windows\System32\OpenSSH\;C:\Program Files\dotnet\;C:\Program Files\Microsoft SQL Server\Client SDK\ODBC\170\Tools\Binn\;C:\Program Files (x86)\Microsoft SQL Server\150\Tools\Binn\;C:\Program Files\Microsoft SQL Server\150\Tools\Binn\;C:\Program Files\Microsoft SQL Server\150\DTS\Binn\;C:\Program Files (x86)\Microsoft SQL Server\150\DTS\Binn\;C:\Program Files\Azure Data Studio\bin;C:\Users\Alumno\AppData\Local\Programs\Python\Python312\Scripts\;C:\Users\Alumno\AppData\Local\Programs\Python\Python312\;C:\Users\Alumno\AppData\Local\Programs\Python\Python311\Scripts\;C:\Users\Alumno\AppData\Local\Programs\Python\Python311\;C:\Users\Alumno\AppData\Local\Microsoft\WindowsApps;C:\Users\Alumno\AppData\Local\Programs\Microsoft VS Code\bin;C:\Users\Alumno\AppData\Local\Programs\Git\cmd
USERNAME=Alumno
OS=Windows_NT
PROCESSOR_IDENTIFIER=Intel64 Family 6 Model 151 Stepping 2, GenuineIntel
TMP=C:\Users\Alumno\AppData\Local\Temp
TEMP=C:\Users\Alumno\AppData\Local\Temp




---------------  S Y S T E M  ---------------

OS:
 Windows 10 , 64 bit Build 19041 (10.0.19041.1889)
OS uptime: 1 days 3:17 hours

CPU: total 20 (initial active 20) (10 cores per cpu, 2 threads per core) family 6 model 151 stepping 2 microcode 0x1e, cx8, cmov, fxsr, ht, mmx, 3dnowpref, sse, sse2, sse3, ssse3, sse4.1, sse4.2, popcnt, lzcnt, tsc, tscinvbit, avx, avx2, aes, erms, clmul, bmi1, bmi2, adx, sha, fma, vzeroupper, clflush, clflushopt, clwb, serialize, rdtscp, rdpid, fsrm, f16c, pku, cet_ibt, cet_ss

Memory: 4k page, system-wide physical 32456M (111M free)
TotalPageFile size 130760M (AvailPageFile size 373M)
current process WorkingSet (physical memory assigned to process): 14M, peak: 14M
current process commit charge ("private bytes"): 77M, peak: 585M

vm_info: Java HotSpot(TM) 64-Bit Server VM (20+36-2344) for windows-amd64 JRE (20+36-2344), built on 2023-02-10T19:30:15Z by "mach5one" with MS VC++ 17.1 (VS2022)

END.
